<?xml version="1.0" encoding="UTF-8"?>
<!-- Generated by org.testng.reporters.JUnitReportReporter -->
<testsuite hostname="DESKTOP-8NV26B0" failures="0" tests="21" name="coterie.TestFiles.UnRegQB" time="167.507" errors="0" timestamp="2023-12-01T00:28:14 IST" skipped="0">
  <testcase classname="coterie.TestFiles.UnRegQB" name="invokeApplication" time="71.485"/>
  <testcase classname="coterie.TestFiles.UnRegQB" name="titleValLandingPage" time="2.313"/>
  <testcase classname="coterie.TestFiles.UnRegQB" name="quickBuyClick" time="2.326"/>
  <testcase classname="coterie.TestFiles.UnRegQB" name="addDiaper" time="6.961"/>
  <testcase classname="coterie.TestFiles.UnRegQB" name="addPant" time="4.552"/>
  <testcase classname="coterie.TestFiles.UnRegQB" name="addWipe" time="2.527"/>
  <testcase classname="coterie.TestFiles.UnRegQB" name="costVal" time="0.262"/>
  <testcase classname="coterie.TestFiles.UnRegQB" name="checkOut" time="10.797"/>
  <testcase classname="coterie.TestFiles.UnRegQB" name="titleValInfoPage" time="2.037"/>
  <testcase classname="coterie.TestFiles.UnRegQB" name="addressData" time="0.646"/>
  <testcase classname="coterie.TestFiles.UnRegQB" name="productDetails" time="0.275"/>
  <testcase classname="coterie.TestFiles.UnRegQB" name="totalPriceVal" time="0.381"/>
  <testcase classname="coterie.TestFiles.UnRegQB" name="contactInfoSubmission" time="16.686"/>
  <testcase classname="coterie.TestFiles.UnRegQB" name="titleValShippingPage" time="2.036"/>
  <testcase classname="coterie.TestFiles.UnRegQB" name="continuePaymentPage" time="15.099"/>
  <testcase classname="coterie.TestFiles.UnRegQB" name="titleValPaymentPage" time="2.035"/>
  <testcase classname="coterie.TestFiles.UnRegQB" name="ccPayment" time="0.845"/>
  <testcase classname="coterie.TestFiles.UnRegQB" name="payNow" time="0.930"/>
  <testcase classname="coterie.TestFiles.UnRegQB" name="titleValOCPage" time="25.105"/>
  <testcase classname="coterie.TestFiles.UnRegQB" name="orderSubmissionVal" time="0.208"/>
  <testcase classname="coterie.TestFiles.UnRegQB" name="AssertAll" time="0.001"/>
</testsuite> <!-- coterie.TestFiles.UnRegQB -->
