<?xml version="1.0" encoding="UTF-8"?>
<!-- Generated by org.testng.reporters.JUnitReportReporter -->
<testsuite hostname="LAPTOP-105FJ1O6" failures="0" tests="28" name="coterie.TestFiles.RegUsrQB" time="143.227" errors="0" timestamp="2023-12-05T00:23:59 SGT" skipped="0">
  <testcase classname="coterie.TestFiles.RegUsrQB" name="invokeApplication" time="12.930"/>
  <testcase classname="coterie.TestFiles.RegUsrQB" name="titleValLandingPage" time="2.155"/>
  <testcase classname="coterie.TestFiles.RegUsrQB" name="hbIconClickHome" time="4.234"/>
  <testcase classname="coterie.TestFiles.RegUsrQB" name="usrIconClick" time="2.201"/>
  <testcase classname="coterie.TestFiles.RegUsrQB" name="titleValLogInPage" time="5.057"/>
  <testcase classname="coterie.TestFiles.RegUsrQB" name="logInUserName" time="7.043"/>
  <testcase classname="coterie.TestFiles.RegUsrQB" name="logInUserName" time="6.958"/>
  <testcase classname="coterie.TestFiles.RegUsrQB" name="logInPassWord" time="6.846"/>
  <testcase classname="coterie.TestFiles.RegUsrQB" name="titleValUserDBPage" time="6.072"/>
  <testcase classname="coterie.TestFiles.RegUsrQB" name="homePageNav" time="0.980"/>
  <testcase classname="coterie.TestFiles.RegUsrQB" name="quickBuyClick" time="2.452"/>
  <testcase classname="coterie.TestFiles.RegUsrQB" name="addDiaper" time="7.580"/>
  <testcase classname="coterie.TestFiles.RegUsrQB" name="addPant" time="4.935"/>
  <testcase classname="coterie.TestFiles.RegUsrQB" name="addWipe" time="2.815"/>
  <testcase classname="coterie.TestFiles.RegUsrQB" name="costVal" time="0.398"/>
  <testcase classname="coterie.TestFiles.RegUsrQB" name="checkOut" time="2.680"/>
  <testcase classname="coterie.TestFiles.RegUsrQB" name="titleValInfoPage" time="14.783"/>
  <testcase classname="coterie.TestFiles.RegUsrQB" name="productDetails" time="0.343"/>
  <testcase classname="coterie.TestFiles.RegUsrQB" name="totalPriceVal" time="0.500"/>
  <testcase classname="coterie.TestFiles.RegUsrQB" name="contactInfoSubmission" time="17.041"/>
  <testcase classname="coterie.TestFiles.RegUsrQB" name="titleValShippingPage" time="2.050"/>
  <testcase classname="coterie.TestFiles.RegUsrQB" name="continuePaymentPage" time="2.719"/>
  <testcase classname="coterie.TestFiles.RegUsrQB" name="titleValPaymentPage" time="7.435"/>
  <testcase classname="coterie.TestFiles.RegUsrQB" name="ccPayment" time="2.137"/>
  <testcase classname="coterie.TestFiles.RegUsrQB" name="payNow" time="1.285"/>
  <testcase classname="coterie.TestFiles.RegUsrQB" name="titleValOCPage" time="19.243"/>
  <testcase classname="coterie.TestFiles.RegUsrQB" name="orderSubmissionVal" time="0.351"/>
  <testcase classname="coterie.TestFiles.RegUsrQB" name="AssertAll" time="0.004"/>
</testsuite> <!-- coterie.TestFiles.RegUsrQB -->
