<?xml version="1.0" encoding="UTF-8"?>
<!-- Generated by org.testng.reporters.JUnitReportReporter -->
<testsuite hostname="DESKTOP-8NV26B0" failures="0" tests="40" name="coterie.TestFiles.UnRegUserScenario" time="327.392" errors="0" timestamp="2023-11-30T23:49:28 IST" skipped="1">
  <testcase classname="coterie.TestFiles.UnRegUserScenario" name="invokeApplication" time="28.348"/>
  <testcase classname="coterie.TestFiles.UnRegUserScenario" name="titleValLandingPage" time="2.070"/>
  <testcase classname="coterie.TestFiles.UnRegUserScenario" name="hbIconClick" time="4.122"/>
  <testcase classname="coterie.TestFiles.UnRegUserScenario" name="navmenu_Diaper_Select" time="2.340"/>
  <testcase classname="coterie.TestFiles.UnRegUserScenario" name="titleValDiaperPage" time="2.020"/>
  <testcase classname="coterie.TestFiles.UnRegUserScenario" name="diaper_addCart" time="16.129"/>
  <testcase classname="coterie.TestFiles.UnRegUserScenario" name="titleValPantPage" time="2.029"/>
  <testcase classname="coterie.TestFiles.UnRegUserScenario" name="pant_addCart" time="15.869"/>
  <testcase classname="coterie.TestFiles.UnRegUserScenario" name="titleValWipePage" time="2.021"/>
  <testcase classname="coterie.TestFiles.UnRegUserScenario" name="wipe_addCart" time="13.689"/>
  <testcase classname="coterie.TestFiles.UnRegUserScenario" name="nbGift_addCart" time="11.127"/>
  <testcase classname="coterie.TestFiles.UnRegUserScenario" name="titleValcaraaBagPage" time="2.013"/>
  <testcase classname="coterie.TestFiles.UnRegUserScenario" name="caraaBag_addCart" time="11.148"/>
  <testcase classname="coterie.TestFiles.UnRegUserScenario" name="titleValmerchPage" time="2.329"/>
  <testcase classname="coterie.TestFiles.UnRegUserScenario" name="merch_ClassicalCap_Select" time="2.665"/>
  <testcase classname="coterie.TestFiles.UnRegUserScenario" name="titleValClassicCapPage" time="2.021"/>
  <testcase classname="coterie.TestFiles.UnRegUserScenario" name="merch_ClassicalCap_addCart" time="15.691"/>
  <testcase classname="coterie.TestFiles.UnRegUserScenario" name="merch_CrewNeck_Select" time="2.826"/>
  <testcase classname="coterie.TestFiles.UnRegUserScenario" name="titleValCrewNeckPage" time="2.025"/>
  <testcase classname="coterie.TestFiles.UnRegUserScenario" name="merch_CrewNeck_addCart" time="15.725"/>
  <testcase classname="coterie.TestFiles.UnRegUserScenario" name="merch_Tode_Select" time="2.640"/>
  <testcase classname="coterie.TestFiles.UnRegUserScenario" name="titleValTotePage" time="2.021"/>
  <testcase classname="coterie.TestFiles.UnRegUserScenario" name="merch_Totte_addCart" time="11.180"/>
  <testcase classname="coterie.TestFiles.UnRegUserScenario" name="merch_ArtPrint_Select" time="2.784"/>
  <testcase classname="coterie.TestFiles.UnRegUserScenario" name="titleValAPPage" time="2.010"/>
  <testcase classname="coterie.TestFiles.UnRegUserScenario" name="merch_ArtPrint_addCart" time="27.266"/>
  <testcase classname="coterie.TestFiles.UnRegUserScenario" name="titleValInfoPage" time="27.667"/>
  <testcase classname="coterie.TestFiles.UnRegUserScenario" name="addressData" time="0.767"/>
  <testcase classname="coterie.TestFiles.UnRegUserScenario" name="productDetails" time="0.942"/>
  <testcase classname="coterie.TestFiles.UnRegUserScenario" name="totalPriceVal" time="0.820"/>
  <testcase classname="coterie.TestFiles.UnRegUserScenario" name="contactInfoSubmission" time="34.532"/>
  <testcase classname="coterie.TestFiles.UnRegUserScenario" name="titleValShippingPage" time="2.017"/>
  <testcase classname="coterie.TestFiles.UnRegUserScenario" name="continuePaymentPage" time="27.625"/>
  <testcase classname="coterie.TestFiles.UnRegUserScenario" name="titleValPaymentPage" time="2.025"/>
  <testcase classname="coterie.TestFiles.UnRegUserScenario" name="ccPayment" time="0.799"/>
  <testcase classname="coterie.TestFiles.UnRegUserScenario" name="payNow" time="0.533"/>
  <testcase classname="coterie.TestFiles.UnRegUserScenario" name="titleValOCPage" time="25.352"/>
  <testcase classname="coterie.TestFiles.UnRegUserScenario" name="orderSubmissionVal" time="0.203"/>
  <testcase classname="coterie.TestFiles.UnRegUserScenario" name="AssertAll" time="0.002"/>
  <testcase classname="coterie.TestFiles.UnRegUserScenario" name="titleValnbGiftPage">
    <skipped/>
  </testcase> <!-- titleValnbGiftPage -->
</testsuite> <!-- coterie.TestFiles.UnRegUserScenario -->
