<?xml version="1.0" encoding="UTF-8"?>
<!-- Generated by org.testng.reporters.JUnitReportReporter -->
<testsuite hostname="DESKTOP-8NV26B0" failures="0" tests="1" name="coterie.TestFiles.TestAssert" time="0.009" errors="0" timestamp="2023-11-11T13:20:22 IST" skipped="0">
  <testcase classname="coterie.TestFiles.TestAssert" name="testStringsAssert" time="0.009"/>
</testsuite> <!-- coterie.TestFiles.TestAssert -->
