<?xml version="1.0" encoding="UTF-8"?>
<!-- Generated by org.testng.reporters.JUnitReportReporter -->
<testsuite hostname="DESKTOP-8NV26B0" failures="0" tests="1" name="coterie.TestFiles.UnRegQB_BaseFlow" time="140.718" errors="0" timestamp="2023-11-14T21:47:13 IST" skipped="0">
  <testcase classname="coterie.TestFiles.UnRegQB_BaseFlow" name="qbBaseFlow" time="140.718"/>
</testsuite> <!-- coterie.TestFiles.UnRegQB_BaseFlow -->
