<?xml version="1.0" encoding="UTF-8"?>
<!-- Generated by org.testng.reporters.JUnitReportReporter -->
<testsuite hostname="DESKTOP-8NV26B0" failures="0" tests="47" name="coterie.TestFiles.RegUserScenario" time="390.597" errors="0" timestamp="2023-11-30T23:35:06 IST" skipped="1">
  <testcase classname="coterie.TestFiles.RegUserScenario" name="invokeApplication" time="25.960"/>
  <testcase classname="coterie.TestFiles.RegUserScenario" name="titleValLandingPage" time="2.073"/>
  <testcase classname="coterie.TestFiles.RegUserScenario" name="hbIconClickHome" time="4.135"/>
  <testcase classname="coterie.TestFiles.RegUserScenario" name="usrIconClick" time="2.249"/>
  <testcase classname="coterie.TestFiles.RegUserScenario" name="titleValLogInPage" time="5.023"/>
  <testcase classname="coterie.TestFiles.RegUserScenario" name="logInUserName" time="6.624"/>
  <testcase classname="coterie.TestFiles.RegUserScenario" name="logInUserName" time="6.489"/>
  <testcase classname="coterie.TestFiles.RegUserScenario" name="logInPassWord" time="6.479"/>
  <testcase classname="coterie.TestFiles.RegUserScenario" name="titleValUserDBPage" time="27.473"/>
  <testcase classname="coterie.TestFiles.RegUserScenario" name="homePageNav" time="0.413"/>
  <testcase classname="coterie.TestFiles.RegUserScenario" name="hbIconClick" time="4.113"/>
  <testcase classname="coterie.TestFiles.RegUserScenario" name="navmenu_Diaper_Select" time="2.295"/>
  <testcase classname="coterie.TestFiles.RegUserScenario" name="titleValDiaperPage" time="2.019"/>
  <testcase classname="coterie.TestFiles.RegUserScenario" name="diaper_addCart" time="15.905"/>
  <testcase classname="coterie.TestFiles.RegUserScenario" name="titleValPantPage" time="2.012"/>
  <testcase classname="coterie.TestFiles.RegUserScenario" name="pant_addCart" time="15.984"/>
  <testcase classname="coterie.TestFiles.RegUserScenario" name="titleValWipePage" time="2.028"/>
  <testcase classname="coterie.TestFiles.RegUserScenario" name="wipe_addCart" time="13.628"/>
  <testcase classname="coterie.TestFiles.RegUserScenario" name="nbGift_addCart" time="11.133"/>
  <testcase classname="coterie.TestFiles.RegUserScenario" name="titleValcaraaBagPage" time="2.019"/>
  <testcase classname="coterie.TestFiles.RegUserScenario" name="caraaBag_addCart" time="11.152"/>
  <testcase classname="coterie.TestFiles.RegUserScenario" name="titleValmerchPage" time="2.339"/>
  <testcase classname="coterie.TestFiles.RegUserScenario" name="merch_ClassicalCap_Select" time="2.618"/>
  <testcase classname="coterie.TestFiles.RegUserScenario" name="titleValClassicCapPage" time="2.017"/>
  <testcase classname="coterie.TestFiles.RegUserScenario" name="merch_ClassicalCap_addCart" time="15.777"/>
  <testcase classname="coterie.TestFiles.RegUserScenario" name="merch_CrewNeck_Select" time="2.680"/>
  <testcase classname="coterie.TestFiles.RegUserScenario" name="titleValCrewNeckPage" time="2.029"/>
  <testcase classname="coterie.TestFiles.RegUserScenario" name="merch_CrewNeck_addCart" time="15.923"/>
  <testcase classname="coterie.TestFiles.RegUserScenario" name="merch_Tode_Select" time="2.758"/>
  <testcase classname="coterie.TestFiles.RegUserScenario" name="titleValTotePage" time="2.017"/>
  <testcase classname="coterie.TestFiles.RegUserScenario" name="merch_Totte_addCart" time="11.163"/>
  <testcase classname="coterie.TestFiles.RegUserScenario" name="merch_ArtPrint_Select" time="2.733"/>
  <testcase classname="coterie.TestFiles.RegUserScenario" name="titleValAPPage" time="2.027"/>
  <testcase classname="coterie.TestFiles.RegUserScenario" name="merch_ArtPrint_addCart" time="27.314"/>
  <testcase classname="coterie.TestFiles.RegUserScenario" name="titleValInfoPage" time="32.251"/>
  <testcase classname="coterie.TestFiles.RegUserScenario" name="productDetails" time="0.907"/>
  <testcase classname="coterie.TestFiles.RegUserScenario" name="totalPriceVal" time="0.811"/>
  <testcase classname="coterie.TestFiles.RegUserScenario" name="contactInfoSubmission" time="36.805"/>
  <testcase classname="coterie.TestFiles.RegUserScenario" name="titleValShippingPage" time="2.035"/>
  <testcase classname="coterie.TestFiles.RegUserScenario" name="continuePaymentPage" time="27.801"/>
  <testcase classname="coterie.TestFiles.RegUserScenario" name="titleValPaymentPage" time="2.010"/>
  <testcase classname="coterie.TestFiles.RegUserScenario" name="ccPayment" time="0.983"/>
  <testcase classname="coterie.TestFiles.RegUserScenario" name="payNow" time="0.531"/>
  <testcase classname="coterie.TestFiles.RegUserScenario" name="titleValOCPage" time="25.660"/>
  <testcase classname="coterie.TestFiles.RegUserScenario" name="orderSubmissionVal" time="0.200"/>
  <testcase classname="coterie.TestFiles.RegUserScenario" name="AssertAll" time="0.002"/>
  <testcase classname="coterie.TestFiles.RegUserScenario" name="titleValnbGiftPage">
    <skipped/>
  </testcase> <!-- titleValnbGiftPage -->
</testsuite> <!-- coterie.TestFiles.RegUserScenario -->
