<?xml version="1.0" encoding="UTF-8"?>
<!-- Generated by org.testng.reporters.JUnitReportReporter -->
<testsuite hostname="DESKTOP-8NV26B0" failures="0" tests="3" name="coterie.TestFiles.RegUserScenario_MultipleDataSet" time="655.476" errors="0" timestamp="2023-12-01T00:42:06 IST" skipped="0">
  <testcase classname="coterie.TestFiles.RegUserScenario_MultipleDataSet" name="regUserScenario" time="234.121"/>
  <testcase classname="coterie.TestFiles.RegUserScenario_MultipleDataSet" name="regUserScenario" time="236.728"/>
  <testcase classname="coterie.TestFiles.RegUserScenario_MultipleDataSet" name="regUserScenario" time="184.627"/>
</testsuite> <!-- coterie.TestFiles.RegUserScenario_MultipleDataSet -->
